2022-04-10 13:46:11 INFO  StepDefinitionForLogin:27 - Portal url navigation
2022-04-10 13:46:18 WARN  StepDefinitionForLogin:40 - Valid credenttial
2022-04-10 16:04:10 INFO  StepDefinitionForLogin:27 - System navigated to community URL
2022-04-10 16:04:17 WARN  StepDefinitionForLogin:40 - Credential validated
2022-04-10 16:04:23 WARN  StepDefinitionForLogin:52 - Window closed
2022-04-10 16:04:42 INFO  StepDefinitionForLogin:34 - By proceeding with the credential successfullly logged in to the portal
2022-04-10 16:05:02 INFO  StepDefinitionForLogin:42 - Contact searching success
2022-04-10 16:05:07 INFO  StepDefinitionForLogin:53 - Proceeding with further details
2022-04-10 16:05:09 INFO  StepDefinitionForLogin:63 - Choosen the academic
2022-04-10 16:05:09 INFO  StepDefinitionForLogin:70 - Choosen the department
2022-04-10 16:05:09 INFO  StepDefinitionForLogin:78 - Choosen the application type
2022-04-10 16:05:09 INFO  StepDefinitionForLogin:86 - Entered the Graduate
2022-04-10 16:05:09 INFO  StepDefinitionForLogin:93 - checked the FAFSA checkbox
2022-04-10 16:05:09 INFO  StepDefinitionForLogin:101 - Entered the GPA
2022-04-10 16:05:09 INFO  StepDefinitionForLogin:109 - Entered the testscore
2022-04-10 16:05:10 INFO  StepDefinitionForLogin:117 - Entered the SchoolName
2022-04-10 16:05:10 INFO  StepDefinitionForLogin:125 - Entered the Date of birth
2022-04-10 16:05:10 INFO  StepDefinitionForLogin:133 - Entered the Email
2022-04-10 16:05:10 INFO  StepDefinitionForLogin:140 - Proceeded with Create new button
2022-04-10 16:05:19 INFO  StepDefinitionForLogin:29 - System navigated to Salesforce page
2022-04-10 16:05:30 INFO  StepDefinitionForLogin:39 - System validated with salesforce credential
